[FATAL] 2024-03-29 18:39:32.396 [main] StepDef - Setup1 executed...
[INFO ] 2024-03-29 18:39:32.463 [main] StepDef - chrome browser launched
[INFO ] 2024-03-29 18:39:33.526 [main] StepDef - url opened
[INFO ] 2024-03-29 18:39:35.250 [main] StepDef - email address and password entered
[INFO ] 2024-03-29 18:39:37.247 [main] StepDef - Clicked on login button
[WARN ] 2024-03-29 18:39:40.456 [main] StepDef - Test passed: Login feature :Page title matched.
[INFO ] 2024-03-29 18:39:42.086 [main] StepDef - user clicked on logout link.
[WARN ] 2024-03-29 18:39:42.144 [main] StepDef - Test passed: Login feature :Page title matched.
[INFO ] 2024-03-29 18:39:42.321 [main] StepDef - Browser closed
[FATAL] 2024-03-29 20:03:09.838 [main] StepDef - Setup1 executed...
[INFO ] 2024-03-29 20:03:09.916 [main] StepDef - chrome browser launched
[INFO ] 2024-03-29 20:03:12.514 [main] StepDef - url opened
[INFO ] 2024-03-29 20:03:13.543 [main] StepDef - email address and password entered
[INFO ] 2024-03-29 20:04:41.406 [main] StepDef - Clicked on login button
[WARN ] 2024-03-29 20:04:54.009 [main] StepDef - Test passed: Login feature :Page title matched.
[FATAL] 2024-03-29 20:06:54.037 [main] StepDef - Setup1 executed...
[INFO ] 2024-03-29 20:06:54.145 [main] StepDef - chrome browser launched
[INFO ] 2024-03-29 20:06:58.167 [main] StepDef - url opened
[INFO ] 2024-03-29 20:06:59.276 [main] StepDef - email address and password entered
[INFO ] 2024-03-29 20:09:00.833 [main] StepDef - Clicked on login button
[FATAL] 2024-03-29 20:09:24.262 [main] StepDef - Setup1 executed...
[INFO ] 2024-03-29 20:09:24.374 [main] StepDef - chrome browser launched
[INFO ] 2024-03-29 20:09:26.256 [main] StepDef - url opened
[INFO ] 2024-03-29 20:09:28.051 [main] StepDef - email address and password entered
[FATAL] 2024-03-29 20:14:36.036 [main] StepDef - Setup1 executed...
[INFO ] 2024-03-29 20:14:36.145 [main] StepDef - chrome browser launched
[INFO ] 2024-03-29 20:14:38.554 [main] StepDef - url opened
[INFO ] 2024-03-29 20:14:38.958 [main] StepDef - email address and password entered
[INFO ] 2024-03-29 20:15:14.734 [main] StepDef - Clicked on login button
[WARN ] 2024-03-29 20:15:14.752 [main] StepDef - Test passed: Login feature :Page title matched.
[INFO ] 2024-03-29 20:15:17.886 [main] StepDef - user clicked on logout link.
[FATAL] 2024-03-31 11:25:35.191 [main] StepDef - Setup1 executed...
[INFO ] 2024-03-31 11:25:35.270 [main] StepDef - chrome browser launched
[INFO ] 2024-03-31 11:25:36.971 [main] StepDef - url opened
[INFO ] 2024-03-31 11:25:38.731 [main] StepDef - email address and password entered
[INFO ] 2024-03-31 11:25:41.330 [main] StepDef - Clicked on login button
[WARN ] 2024-03-31 11:25:41.342 [main] StepDef - Test passed: Login feature :Page title matched.
[INFO ] 2024-03-31 11:25:45.186 [main] StepDef - user clicked on logout link.
[WARN ] 2024-03-31 11:25:45.220 [main] StepDef - Test passed: Login feature :Page title matched.
[INFO ] 2024-03-31 11:25:45.388 [main] StepDef - Browser closed
[FATAL] 2024-04-02 21:36:40.791 [main] StepDef - Setup1 executed...
[INFO ] 2024-04-02 21:36:41.251 [main] StepDef - chrome browser launched
[INFO ] 2024-04-02 21:36:44.197 [main] StepDef - url opened
[INFO ] 2024-04-02 21:36:51.500 [main] StepDef - email address and password entered
[INFO ] 2024-04-02 21:36:55.687 [main] StepDef - Clicked on login button
[WARN ] 2024-04-02 21:37:04.093 [main] StepDef - Test passed: Login feature :Page title matched.
[INFO ] 2024-04-02 21:37:06.114 [main] StepDef - user clicked on logout link.
[WARN ] 2024-04-02 21:37:06.379 [main] StepDef - Test passed: Login feature :Page title matched.
[INFO ] 2024-04-02 21:37:06.641 [main] StepDef - Browser closed
[FATAL] 2024-04-02 21:45:47.979 [main] StepDef - Setup1 executed...
[INFO ] 2024-04-02 21:45:48.324 [main] StepDef - chrome browser launched
[INFO ] 2024-04-02 21:45:50.880 [main] StepDef - url opened
[INFO ] 2024-04-02 21:45:51.790 [main] StepDef - email address and password entered
[INFO ] 2024-04-02 21:45:54.733 [main] StepDef - Clicked on login button
[WARN ] 2024-04-02 21:45:54.788 [main] StepDef - Test passed: Login feature :Page title matched.
[FATAL] 2024-05-04 05:42:04.978 [main] StepDef - Setup1 executed...
[INFO ] 2024-05-04 05:42:05.108 [main] StepDef - chrome browser launched
[INFO ] 2024-05-04 05:42:07.068 [main] StepDef - url opened
[INFO ] 2024-05-04 05:42:16.017 [main] StepDef - email address and password entered
[INFO ] 2024-05-04 05:42:23.930 [main] StepDef - Clicked on login button
[WARN ] 2024-05-04 05:42:23.963 [main] StepDef - Test passed: Login feature :Page title matched.
[INFO ] 2024-05-04 05:42:46.631 [main] StepDef - user clicked on logout link.
[WARN ] 2024-05-04 05:42:53.361 [main] StepDef - Test passed: Login feature :Page title matched.
[INFO ] 2024-05-04 05:42:53.598 [main] StepDef - Browser closed
[FATAL] 2024-05-04 05:47:17.417 [main] StepDef - Setup1 executed...
[INFO ] 2024-05-04 05:47:17.579 [main] StepDef - chrome browser launched
[INFO ] 2024-05-04 05:47:19.937 [main] StepDef - url opened
[INFO ] 2024-05-04 05:47:27.731 [main] StepDef - email address and password entered
[INFO ] 2024-05-04 05:47:34.164 [main] StepDef - Clicked on login button
[WARN ] 2024-05-04 05:47:35.886 [main] StepDef - Test passed: Login feature :Page title matched.
[INFO ] 2024-05-04 05:47:50.568 [main] StepDef - user clicked on logout link.
[WARN ] 2024-05-04 05:47:52.162 [main] StepDef - Test passed: Login feature :Page title matched.
[INFO ] 2024-05-04 05:47:52.377 [main] StepDef - Browser closed
[FATAL] 2024-05-04 05:54:19.392 [main] StepDef - Setup1 executed...
[INFO ] 2024-05-04 05:54:19.498 [main] StepDef - chrome browser launched
[INFO ] 2024-05-04 05:54:21.686 [main] StepDef - url opened
[INFO ] 2024-05-04 05:54:29.583 [main] StepDef - email address and password entered
[INFO ] 2024-05-04 05:54:36.561 [main] StepDef - Clicked on login button
[WARN ] 2024-05-04 05:54:36.583 [main] StepDef - Test passed: Login feature :Page title matched.
[FATAL] 2024-05-04 06:04:14.087 [main] StepDef - Setup1 executed...
[INFO ] 2024-05-04 06:04:14.254 [main] StepDef - chrome browser launched
[INFO ] 2024-05-04 06:04:16.371 [main] StepDef - url opened
[INFO ] 2024-05-04 06:04:24.107 [main] StepDef - email address and password entered
[INFO ] 2024-05-04 06:04:29.711 [main] StepDef - Clicked on login button
[WARN ] 2024-05-04 06:04:30.623 [main] StepDef - Test passed: Login feature :Page title matched.
[INFO ] 2024-05-04 06:04:44.284 [main] StepDef - user clicked on logout link.
[WARN ] 2024-05-04 06:04:44.756 [main] StepDef - Test passed: Login feature :Page title matched.
[INFO ] 2024-05-04 06:04:44.982 [main] StepDef - Browser closed
[FATAL] 2024-05-04 06:06:16.322 [main] StepDef - Setup1 executed...
[INFO ] 2024-05-04 06:06:16.481 [main] StepDef - chrome browser launched
[INFO ] 2024-05-04 06:06:18.593 [main] StepDef - url opened
[INFO ] 2024-05-04 06:06:26.764 [main] StepDef - email address and password entered
[INFO ] 2024-05-04 06:06:31.599 [main] StepDef - Clicked on login button
[WARN ] 2024-05-04 06:06:31.632 [main] StepDef - Test passed: Login feature :Page title matched.
[INFO ] 2024-05-04 06:06:42.845 [main] StepDef - user clicked on logout link.
[WARN ] 2024-05-04 06:06:43.495 [main] StepDef - Test passed: Login feature :Page title matched.
[INFO ] 2024-05-04 06:06:43.701 [main] StepDef - Browser closed
[FATAL] 2024-05-04 06:06:48.746 [main] StepDef - Setup1 executed...
[INFO ] 2024-05-04 06:06:48.757 [main] StepDef - chrome browser launched
[INFO ] 2024-05-04 06:06:50.750 [main] StepDef - url opened
[INFO ] 2024-05-04 06:06:58.271 [main] StepDef - email address and password entered
[INFO ] 2024-05-04 06:07:01.610 [main] StepDef - Clicked on login button
[FATAL] 2024-05-07 05:45:40.417 [main] StepDef - Setup1 executed...
[INFO ] 2024-05-07 05:45:40.638 [main] StepDef - chrome browser launched
[INFO ] 2024-05-07 05:45:43.034 [main] StepDef - url opened
[INFO ] 2024-05-07 05:45:50.812 [main] StepDef - email address and password entered
[INFO ] 2024-05-07 05:45:54.664 [main] StepDef - Clicked on login button
[WARN ] 2024-05-07 05:45:54.692 [main] StepDef - Test passed: Login feature :Page title matched.
[INFO ] 2024-05-07 05:46:06.453 [main] StepDef - user clicked on logout link.
[WARN ] 2024-05-07 05:46:06.939 [main] StepDef - Test passed: Login feature :Page title matched.
[INFO ] 2024-05-07 05:46:07.067 [main] StepDef - Browser closed
[FATAL] 2024-05-07 05:46:12.324 [main] StepDef - Setup1 executed...
[INFO ] 2024-05-07 05:46:12.336 [main] StepDef - chrome browser launched
[INFO ] 2024-05-07 05:46:14.244 [main] StepDef - url opened
[INFO ] 2024-05-07 05:46:23.114 [main] StepDef - email address and password entered
[INFO ] 2024-05-07 05:46:26.854 [main] StepDef - Clicked on login button
[FATAL] 2024-05-07 06:01:23.177 [main] StepDef - Setup1 executed...
[INFO ] 2024-05-07 06:01:23.403 [main] StepDef - chrome browser launched
[INFO ] 2024-05-07 06:01:25.725 [main] StepDef - url opened
[INFO ] 2024-05-07 06:01:37.361 [main] StepDef - email address and password entered
[INFO ] 2024-05-07 06:01:44.895 [main] StepDef - Clicked on login button
[WARN ] 2024-05-07 06:01:59.926 [main] StepDef - Test passed: Login feature :Page title matched.
[INFO ] 2024-05-07 06:02:13.690 [main] StepDef - user clicked on logout link.
[WARN ] 2024-05-07 06:02:18.342 [main] StepDef - Test passed: Login feature :Page title matched.
[INFO ] 2024-05-07 06:02:18.487 [main] StepDef - Browser closed
[FATAL] 2024-05-07 06:02:23.786 [main] StepDef - Setup1 executed...
[INFO ] 2024-05-07 06:02:23.801 [main] StepDef - chrome browser launched
[INFO ] 2024-05-07 06:02:25.999 [main] StepDef - url opened
[INFO ] 2024-05-07 06:02:34.728 [main] StepDef - email address and password entered
[INFO ] 2024-05-07 06:02:40.687 [main] StepDef - Clicked on login button
[WARN ] 2024-05-07 06:02:41.524 [main] StepDef - Test passed: Login feature :Page title matched.
[INFO ] 2024-05-07 06:02:52.892 [main] StepDef - user clicked on logout link.
[WARN ] 2024-05-07 06:02:54.295 [main] StepDef - Test passed: Login feature :Page title matched.
[INFO ] 2024-05-07 06:02:54.518 [main] StepDef - Browser closed
[FATAL] 2024-06-10 21:47:54.089 [main] StepDef - Setup1 executed...
[FATAL] 2024-06-10 21:47:59.085 [main] StepDef - Setup1 executed...
[FATAL] 2024-06-10 21:48:04.107 [main] StepDef - Setup1 executed...
[FATAL] 2024-06-10 21:48:08.973 [main] StepDef - Setup1 executed...
[FATAL] 2024-06-10 21:51:44.560 [main] StepDef - Setup1 executed...
[INFO ] 2024-06-10 21:51:44.648 [main] StepDef - chrome browser launched
[INFO ] 2024-06-10 21:51:47.654 [main] StepDef - url opened
[INFO ] 2024-06-10 21:51:52.319 [main] StepDef - email address and password entered
[INFO ] 2024-06-10 21:53:49.349 [main] StepDef - Clicked on login button
[INFO ] 2024-06-10 21:53:49.417 [main] StepDef - user can view dashboard test passed.
[INFO ] 2024-06-10 21:53:50.180 [main] StepDef - customer menu clicked
[FATAL] 2024-06-10 21:59:17.851 [main] StepDef - Setup1 executed...
[INFO ] 2024-06-10 21:59:17.862 [main] StepDef - chrome browser launched
[INFO ] 2024-06-10 21:59:19.629 [main] StepDef - url opened
[FATAL] 2024-06-10 21:59:27.500 [main] StepDef - Setup1 executed...
[INFO ] 2024-06-10 21:59:27.523 [main] StepDef - chrome browser launched
[INFO ] 2024-06-10 21:59:31.804 [main] StepDef - url opened
[INFO ] 2024-06-10 21:59:47.711 [main] StepDef - email address and password entered
[INFO ] 2024-06-10 21:59:55.728 [main] StepDef - Clicked on login button
[INFO ] 2024-06-10 22:00:13.019 [main] StepDef - user can view dashboard test passed.
[INFO ] 2024-06-10 22:00:34.656 [main] StepDef - customer menu clicked
[INFO ] 2024-06-10 22:00:47.460 [main] StepDef - customer menu item clicked
[INFO ] 2024-06-10 22:01:02.537 [main] StepDef - Clicked on search button.
[INFO ] 2024-06-10 22:01:05.385 [main] StepDef - Browser closed
[FATAL] 2024-06-11 21:18:44.450 [main] StepDef - Setup1 executed...
[INFO ] 2024-06-11 21:18:44.566 [main] StepDef - chrome browser launched
[INFO ] 2024-06-11 21:19:18.633 [main] StepDef - url opened
[INFO ] 2024-06-11 21:19:23.918 [main] StepDef - email address and password entered
[INFO ] 2024-06-11 21:22:14.109 [main] StepDef - Clicked on login button
[WARN ] 2024-06-11 21:22:20.798 [main] StepDef - Test passed: Login feature :Page title matched.
[INFO ] 2024-06-11 21:22:25.557 [main] StepDef - user clicked on logout link.
[WARN ] 2024-06-11 21:22:28.422 [main] StepDef - Test passed: Login feature :Page title matched.
[INFO ] 2024-06-11 21:22:28.731 [main] StepDef - Browser closed
[FATAL] 2024-06-11 21:22:34.084 [main] StepDef - Setup1 executed...
[INFO ] 2024-06-11 21:22:34.094 [main] StepDef - chrome browser launched
[INFO ] 2024-06-11 21:22:43.501 [main] StepDef - url opened
[INFO ] 2024-06-11 21:22:48.554 [main] StepDef - email address and password entered
[INFO ] 2024-06-11 21:25:33.123 [main] StepDef - Clicked on login button
[WARN ] 2024-06-11 21:25:40.349 [main] StepDef - Test passed: Login feature :Page title matched.
[INFO ] 2024-06-11 21:25:47.445 [main] StepDef - user clicked on logout link.
[WARN ] 2024-06-11 21:25:50.052 [main] StepDef - Test passed: Login feature :Page title matched.
[INFO ] 2024-06-11 21:25:50.199 [main] StepDef - Browser closed
[FATAL] 2024-06-11 21:25:55.987 [main] StepDef - Setup1 executed...
[INFO ] 2024-06-11 21:25:55.990 [main] StepDef - chrome browser launched
[INFO ] 2024-06-11 21:25:58.975 [main] StepDef - url opened
[INFO ] 2024-06-11 21:26:07.603 [main] StepDef - email address and password entered
[FATAL] 2024-06-11 21:30:55.909 [main] StepDef - Setup1 executed...
[INFO ] 2024-06-11 21:30:56.535 [main] StepDef - chrome browser launched
[INFO ] 2024-06-11 21:30:59.688 [main] StepDef - url opened
[INFO ] 2024-06-11 21:31:01.525 [main] StepDef - email address and password entered
[INFO ] 2024-06-11 21:31:09.274 [main] StepDef - Clicked on login button
[INFO ] 2024-06-11 21:31:09.329 [main] StepDef - user can view dashboard test passed.
[INFO ] 2024-06-11 21:31:09.998 [main] StepDef - customer menu clicked
[FATAL] 2024-06-11 21:31:24.940 [main] StepDef - Setup1 executed...
[INFO ] 2024-06-11 21:31:24.967 [main] StepDef - chrome browser launched
[INFO ] 2024-06-11 21:31:28.867 [main] StepDef - url opened
[INFO ] 2024-06-11 21:31:30.564 [main] StepDef - email address and password entered
[INFO ] 2024-06-11 21:31:33.031 [main] StepDef - Clicked on login button
[INFO ] 2024-06-11 21:31:33.065 [main] StepDef - user can view dashboard test passed.
[INFO ] 2024-06-11 21:31:33.464 [main] StepDef - customer menu clicked
[FATAL] 2024-06-11 21:31:43.710 [main] StepDef - Setup1 executed...
[INFO ] 2024-06-11 21:31:43.740 [main] StepDef - chrome browser launched
[INFO ] 2024-06-11 21:31:57.500 [main] StepDef - url opened
[INFO ] 2024-06-11 21:31:58.025 [main] StepDef - email address and password entered
[INFO ] 2024-06-11 21:32:03.326 [main] StepDef - Clicked on login button
